2015/11/19 18:49:51 [error] [exception.CDbException] exception 'CDbException' with message 'CDbConnection failed to open the DB connection: SQLSTATE[HY000] [1045] Access denied for user 'root'@'localhost' (using password: YES)' in C:\xampp\htdocs\yii\framework\db\CDbConnection.php:399
Stack trace:
#0 C:\xampp\htdocs\yii\framework\db\CDbConnection.php(347): CDbConnection->open()
#1 C:\xampp\htdocs\yii\framework\db\CDbConnection.php(325): CDbConnection->setActive(true)
#2 C:\xampp\htdocs\yii\framework\base\CModule.php(394): CDbConnection->init()
#3 C:\xampp\htdocs\yii\framework\base\CModule.php(103): CModule->getComponent('db')
#4 C:\xampp\htdocs\yii\framework\gii\generators\model\ModelCode.php(60): CModule->__get('db')
#5 C:\xampp\htdocs\yii\framework\web\CFormModel.php(39): ModelCode->init()
#6 C:\xampp\htdocs\yii\framework\gii\CCodeGenerator.php(153): CFormModel->__construct()
#7 C:\xampp\htdocs\yii\framework\gii\CCodeGenerator.php(63): CCodeGenerator->prepare()
#8 C:\xampp\htdocs\yii\framework\web\actions\CInlineAction.php(49): CCodeGenerator->actionIndex()
#9 C:\xampp\htdocs\yii\framework\web\CController.php(308): CInlineAction->runWithParams(Array)
#10 C:\xampp\htdocs\yii\framework\web\CController.php(286): CController->runAction(Object(CInlineAction))
#11 C:\xampp\htdocs\yii\framework\web\CController.php(265): CController->runActionWithFilters(Object(CInlineAction), Array)
#12 C:\xampp\htdocs\yii\framework\web\CWebApplication.php(282): CController->run('index')
#13 C:\xampp\htdocs\yii\framework\web\CWebApplication.php(141): CWebApplication->runController('gii/model/index')
#14 C:\xampp\htdocs\yii\framework\base\CApplication.php(184): CWebApplication->processRequest()
#15 C:\xampp\htdocs\sensors\index.php(13): CApplication->run()
#16 {main}
REQUEST_URI=/sensors/gii/model/index
HTTP_REFERER=http://localhost/sensors/gii/default/index
---
2015/11/19 18:50:38 [error] [exception.CHttpException.404] exception 'CHttpException' with message 'No es posible resolver la solicitud "css/init.css"' in C:\xampp\htdocs\yii\framework\web\CWebApplication.php:286
Stack trace:
#0 C:\xampp\htdocs\yii\framework\web\CWebApplication.php(141): CWebApplication->runController('css/init.css')
#1 C:\xampp\htdocs\yii\framework\base\CApplication.php(184): CWebApplication->processRequest()
#2 C:\xampp\htdocs\sensors\index.php(13): CApplication->run()
#3 {main}
REQUEST_URI=/sensors/css/init.css
HTTP_REFERER=http://localhost/sensors/
---
2015/11/19 19:54:38 [error] [exception.CHttpException.404] exception 'CHttpException' with message 'No es posible resolver la solicitud "css/init.css"' in C:\xampp\htdocs\yii\framework\web\CWebApplication.php:286
Stack trace:
#0 C:\xampp\htdocs\yii\framework\web\CWebApplication.php(141): CWebApplication->runController('css/init.css')
#1 C:\xampp\htdocs\yii\framework\base\CApplication.php(184): CWebApplication->processRequest()
#2 C:\xampp\htdocs\sensors\index.php(13): CApplication->run()
#3 {main}
REQUEST_URI=/sensors/css/init.css
HTTP_REFERER=http://localhost/sensors/
---
2015/11/19 19:54:46 [error] [exception.CHttpException.404] exception 'CHttpException' with message 'No es posible resolver la solicitud "css/init.css"' in C:\xampp\htdocs\yii\framework\web\CWebApplication.php:286
Stack trace:
#0 C:\xampp\htdocs\yii\framework\web\CWebApplication.php(141): CWebApplication->runController('css/init.css')
#1 C:\xampp\htdocs\yii\framework\base\CApplication.php(184): CWebApplication->processRequest()
#2 C:\xampp\htdocs\sensors\index.php(13): CApplication->run()
#3 {main}
REQUEST_URI=/sensors/css/init.css
HTTP_REFERER=http://localhost/sensors/
---
2015/11/19 19:55:04 [error] [exception.CHttpException.404] exception 'CHttpException' with message 'No es posible resolver la solicitud "css/init.css"' in C:\xampp\htdocs\yii\framework\web\CWebApplication.php:286
Stack trace:
#0 C:\xampp\htdocs\yii\framework\web\CWebApplication.php(141): CWebApplication->runController('css/init.css')
#1 C:\xampp\htdocs\yii\framework\base\CApplication.php(184): CWebApplication->processRequest()
#2 C:\xampp\htdocs\sensors\index.php(13): CApplication->run()
#3 {main}
REQUEST_URI=/sensors/css/init.css
HTTP_REFERER=http://localhost/sensors/
---
2015/11/19 19:55:08 [error] [exception.CHttpException.404] exception 'CHttpException' with message 'No es posible resolver la solicitud "css/init.css"' in C:\xampp\htdocs\yii\framework\web\CWebApplication.php:286
Stack trace:
#0 C:\xampp\htdocs\yii\framework\web\CWebApplication.php(141): CWebApplication->runController('css/init.css')
#1 C:\xampp\htdocs\yii\framework\base\CApplication.php(184): CWebApplication->processRequest()
#2 C:\xampp\htdocs\sensors\index.php(13): CApplication->run()
#3 {main}
REQUEST_URI=/sensors/css/init.css
HTTP_REFERER=http://localhost/sensors/
---
2015/11/19 19:55:20 [error] [exception.CHttpException.404] exception 'CHttpException' with message 'No es posible resolver la solicitud "css/init.css"' in C:\xampp\htdocs\yii\framework\web\CWebApplication.php:286
Stack trace:
#0 C:\xampp\htdocs\yii\framework\web\CWebApplication.php(141): CWebApplication->runController('css/init.css')
#1 C:\xampp\htdocs\yii\framework\base\CApplication.php(184): CWebApplication->processRequest()
#2 C:\xampp\htdocs\sensors\index.php(13): CApplication->run()
#3 {main}
REQUEST_URI=/sensors/css/init.css
HTTP_REFERER=http://localhost/sensors/
---
2015/11/19 19:55:24 [error] [exception.CHttpException.404] exception 'CHttpException' with message 'No es posible resolver la solicitud "css/init.css"' in C:\xampp\htdocs\yii\framework\web\CWebApplication.php:286
Stack trace:
#0 C:\xampp\htdocs\yii\framework\web\CWebApplication.php(141): CWebApplication->runController('css/init.css')
#1 C:\xampp\htdocs\yii\framework\base\CApplication.php(184): CWebApplication->processRequest()
#2 C:\xampp\htdocs\sensors\index.php(13): CApplication->run()
#3 {main}
REQUEST_URI=/sensors/css/init.css
HTTP_REFERER=http://localhost/sensors/
---
2015/11/19 19:55:27 [error] [exception.CHttpException.404] exception 'CHttpException' with message 'No es posible resolver la solicitud "css/init.css"' in C:\xampp\htdocs\yii\framework\web\CWebApplication.php:286
Stack trace:
#0 C:\xampp\htdocs\yii\framework\web\CWebApplication.php(141): CWebApplication->runController('css/init.css')
#1 C:\xampp\htdocs\yii\framework\base\CApplication.php(184): CWebApplication->processRequest()
#2 C:\xampp\htdocs\sensors\index.php(13): CApplication->run()
#3 {main}
REQUEST_URI=/sensors/css/init.css
HTTP_REFERER=http://localhost/sensors/
---
2015/11/19 19:55:33 [error] [exception.CHttpException.404] exception 'CHttpException' with message 'No es posible resolver la solicitud "css/init.css"' in C:\xampp\htdocs\yii\framework\web\CWebApplication.php:286
Stack trace:
#0 C:\xampp\htdocs\yii\framework\web\CWebApplication.php(141): CWebApplication->runController('css/init.css')
#1 C:\xampp\htdocs\yii\framework\base\CApplication.php(184): CWebApplication->processRequest()
#2 C:\xampp\htdocs\sensors\index.php(13): CApplication->run()
#3 {main}
REQUEST_URI=/sensors/css/init.css
HTTP_REFERER=http://localhost/sensors/
---
2015/11/19 19:55:39 [error] [exception.CHttpException.404] exception 'CHttpException' with message 'No es posible resolver la solicitud "css/init.css"' in C:\xampp\htdocs\yii\framework\web\CWebApplication.php:286
Stack trace:
#0 C:\xampp\htdocs\yii\framework\web\CWebApplication.php(141): CWebApplication->runController('css/init.css')
#1 C:\xampp\htdocs\yii\framework\base\CApplication.php(184): CWebApplication->processRequest()
#2 C:\xampp\htdocs\sensors\index.php(13): CApplication->run()
#3 {main}
REQUEST_URI=/sensors/css/init.css
HTTP_REFERER=http://localhost/sensors/
---
2015/11/19 19:55:45 [error] [exception.CHttpException.404] exception 'CHttpException' with message 'No es posible resolver la solicitud "css/init.css"' in C:\xampp\htdocs\yii\framework\web\CWebApplication.php:286
Stack trace:
#0 C:\xampp\htdocs\yii\framework\web\CWebApplication.php(141): CWebApplication->runController('css/init.css')
#1 C:\xampp\htdocs\yii\framework\base\CApplication.php(184): CWebApplication->processRequest()
#2 C:\xampp\htdocs\sensors\index.php(13): CApplication->run()
#3 {main}
REQUEST_URI=/sensors/css/init.css
HTTP_REFERER=http://localhost/sensors/
---
2015/11/19 19:55:49 [error] [exception.CHttpException.404] exception 'CHttpException' with message 'No es posible resolver la solicitud "css/init.css"' in C:\xampp\htdocs\yii\framework\web\CWebApplication.php:286
Stack trace:
#0 C:\xampp\htdocs\yii\framework\web\CWebApplication.php(141): CWebApplication->runController('css/init.css')
#1 C:\xampp\htdocs\yii\framework\base\CApplication.php(184): CWebApplication->processRequest()
#2 C:\xampp\htdocs\sensors\index.php(13): CApplication->run()
#3 {main}
REQUEST_URI=/sensors/css/init.css
HTTP_REFERER=http://localhost/sensors/
---
2015/11/19 19:55:50 [error] [exception.CHttpException.404] exception 'CHttpException' with message 'No es posible resolver la solicitud "css/init.css"' in C:\xampp\htdocs\yii\framework\web\CWebApplication.php:286
Stack trace:
#0 C:\xampp\htdocs\yii\framework\web\CWebApplication.php(141): CWebApplication->runController('css/init.css')
#1 C:\xampp\htdocs\yii\framework\base\CApplication.php(184): CWebApplication->processRequest()
#2 C:\xampp\htdocs\sensors\index.php(13): CApplication->run()
#3 {main}
REQUEST_URI=/sensors/css/init.css
HTTP_REFERER=http://localhost/sensors/
---
2015/11/19 19:59:14 [error] [exception.CHttpException.404] exception 'CHttpException' with message 'No es posible resolver la solicitud "css/init.css"' in C:\xampp\htdocs\yii\framework\web\CWebApplication.php:286
Stack trace:
#0 C:\xampp\htdocs\yii\framework\web\CWebApplication.php(141): CWebApplication->runController('css/init.css')
#1 C:\xampp\htdocs\yii\framework\base\CApplication.php(184): CWebApplication->processRequest()
#2 C:\xampp\htdocs\sensors\index.php(13): CApplication->run()
#3 {main}
REQUEST_URI=/sensors/css/init.css
HTTP_REFERER=http://localhost/sensors/
---
2015/11/19 20:00:40 [error] [exception.CHttpException.404] exception 'CHttpException' with message 'No es posible resolver la solicitud "css/init.css"' in C:\xampp\htdocs\yii\framework\web\CWebApplication.php:286
Stack trace:
#0 C:\xampp\htdocs\yii\framework\web\CWebApplication.php(141): CWebApplication->runController('css/init.css')
#1 C:\xampp\htdocs\yii\framework\base\CApplication.php(184): CWebApplication->processRequest()
#2 C:\xampp\htdocs\sensors\index.php(13): CApplication->run()
#3 {main}
REQUEST_URI=/sensors/css/init.css
HTTP_REFERER=http://localhost/sensors/
---
2015/11/19 20:00:54 [error] [exception.CHttpException.404] exception 'CHttpException' with message 'No es posible resolver la solicitud "css/init.css"' in C:\xampp\htdocs\yii\framework\web\CWebApplication.php:286
Stack trace:
#0 C:\xampp\htdocs\yii\framework\web\CWebApplication.php(141): CWebApplication->runController('css/init.css')
#1 C:\xampp\htdocs\yii\framework\base\CApplication.php(184): CWebApplication->processRequest()
#2 C:\xampp\htdocs\sensors\index.php(13): CApplication->run()
#3 {main}
REQUEST_URI=/sensors/css/init.css
HTTP_REFERER=http://localhost/sensors/
---
2015/11/19 20:02:48 [error] [exception.CHttpException.404] exception 'CHttpException' with message 'No es posible resolver la solicitud "css/init.css"' in C:\xampp\htdocs\yii\framework\web\CWebApplication.php:286
Stack trace:
#0 C:\xampp\htdocs\yii\framework\web\CWebApplication.php(141): CWebApplication->runController('css/init.css')
#1 C:\xampp\htdocs\yii\framework\base\CApplication.php(184): CWebApplication->processRequest()
#2 C:\xampp\htdocs\sensors\index.php(13): CApplication->run()
#3 {main}
REQUEST_URI=/sensors/css/init.css
HTTP_REFERER=http://localhost/sensors/
---
2015/11/19 20:03:10 [error] [exception.CHttpException.404] exception 'CHttpException' with message 'No es posible resolver la solicitud "css/init.css"' in C:\xampp\htdocs\yii\framework\web\CWebApplication.php:286
Stack trace:
#0 C:\xampp\htdocs\yii\framework\web\CWebApplication.php(141): CWebApplication->runController('css/init.css')
#1 C:\xampp\htdocs\yii\framework\base\CApplication.php(184): CWebApplication->processRequest()
#2 C:\xampp\htdocs\sensors\index.php(13): CApplication->run()
#3 {main}
REQUEST_URI=/sensors/css/init.css
HTTP_REFERER=http://localhost/sensors/
---
2015/11/19 20:03:25 [error] [system.db.CDbCommand] CDbCommand::fetchAll() fall贸: SQLSTATE[42000]: Syntax error or access violation: 1064 You have an error in your SQL syntax; check the manual that corresponds to your MySQL server version for the right syntax to use near 'desc LIMIT 10' at line 1. La sentencia SQL ejecutada fue: SELECT * FROM `valores` `t` WHERE t.sensor_idsensor=1 ORDER BY desc LIMIT 10.
in C:\xampp\htdocs\sensors\protected\controllers\SiteController.php (34)
in C:\xampp\htdocs\sensors\index.php (13)
2015/11/19 20:03:25 [error] [exception.CDbException] exception 'CDbException' with message 'CDbCommand fall贸 al ejecutar la sentencia SQL: SQLSTATE[42000]: Syntax error or access violation: 1064 You have an error in your SQL syntax; check the manual that corresponds to your MySQL server version for the right syntax to use near 'desc LIMIT 10' at line 1. The SQL statement executed was: SELECT * FROM `valores` `t` WHERE t.sensor_idsensor=1 ORDER BY desc LIMIT 10' in C:\xampp\htdocs\yii\framework\db\CDbCommand.php:543
Stack trace:
#0 C:\xampp\htdocs\yii\framework\db\CDbCommand.php(396): CDbCommand->queryInternal('fetchAll', Array, Array)
#1 C:\xampp\htdocs\yii\framework\db\ar\CActiveRecord.php(1356): CDbCommand->queryAll()
#2 C:\xampp\htdocs\yii\framework\db\ar\CActiveRecord.php(1475): CActiveRecord->query(Object(CDbCriteria), true)
#3 C:\xampp\htdocs\sensors\protected\controllers\SiteController.php(34): CActiveRecord->findAll(Object(CDbCriteria))
#4 C:\xampp\htdocs\yii\framework\web\actions\CInlineAction.php(49): SiteController->actionIndex()
#5 C:\xampp\htdocs\yii\framework\web\CController.php(308): CInlineAction->runWithParams(Array)
#6 C:\xampp\htdocs\yii\framework\web\CController.php(286): CController->runAction(Object(CInlineAction))
#7 C:\xampp\htdocs\yii\framework\web\CController.php(265): CController->runActionWithFilters(Object(CInlineAction), Array)
#8 C:\xampp\htdocs\yii\framework\web\CWebApplication.php(282): CController->run('')
#9 C:\xampp\htdocs\yii\framework\web\CWebApplication.php(141): CWebApplication->runController('')
#10 C:\xampp\htdocs\yii\framework\base\CApplication.php(184): CWebApplication->processRequest()
#11 C:\xampp\htdocs\sensors\index.php(13): CApplication->run()
#12 {main}
REQUEST_URI=/sensors/
---
2015/11/19 20:03:40 [error] [exception.CHttpException.404] exception 'CHttpException' with message 'No es posible resolver la solicitud "css/init.css"' in C:\xampp\htdocs\yii\framework\web\CWebApplication.php:286
Stack trace:
#0 C:\xampp\htdocs\yii\framework\web\CWebApplication.php(141): CWebApplication->runController('css/init.css')
#1 C:\xampp\htdocs\yii\framework\base\CApplication.php(184): CWebApplication->processRequest()
#2 C:\xampp\htdocs\sensors\index.php(13): CApplication->run()
#3 {main}
REQUEST_URI=/sensors/css/init.css
HTTP_REFERER=http://localhost/sensors/
---
2015/11/19 20:03:52 [error] [system.db.CDbCommand] CDbCommand::fetchAll() fall贸: SQLSTATE[42000]: Syntax error or access violation: 1064 You have an error in your SQL syntax; check the manual that corresponds to your MySQL server version for the right syntax to use near 'desc LIMIT 10' at line 1. La sentencia SQL ejecutada fue: SELECT * FROM `valores` `t` WHERE t.sensor_idsensor=1 ORDER BY desc LIMIT 10.
in C:\xampp\htdocs\sensors\protected\controllers\SiteController.php (35)
in C:\xampp\htdocs\sensors\index.php (13)
2015/11/19 20:03:52 [error] [exception.CDbException] exception 'CDbException' with message 'CDbCommand fall贸 al ejecutar la sentencia SQL: SQLSTATE[42000]: Syntax error or access violation: 1064 You have an error in your SQL syntax; check the manual that corresponds to your MySQL server version for the right syntax to use near 'desc LIMIT 10' at line 1. The SQL statement executed was: SELECT * FROM `valores` `t` WHERE t.sensor_idsensor=1 ORDER BY desc LIMIT 10' in C:\xampp\htdocs\yii\framework\db\CDbCommand.php:543
Stack trace:
#0 C:\xampp\htdocs\yii\framework\db\CDbCommand.php(396): CDbCommand->queryInternal('fetchAll', Array, Array)
#1 C:\xampp\htdocs\yii\framework\db\ar\CActiveRecord.php(1356): CDbCommand->queryAll()
#2 C:\xampp\htdocs\yii\framework\db\ar\CActiveRecord.php(1475): CActiveRecord->query(Object(CDbCriteria), true)
#3 C:\xampp\htdocs\sensors\protected\controllers\SiteController.php(35): CActiveRecord->findAll(Object(CDbCriteria))
#4 C:\xampp\htdocs\yii\framework\web\actions\CInlineAction.php(49): SiteController->actionIndex()
#5 C:\xampp\htdocs\yii\framework\web\CController.php(308): CInlineAction->runWithParams(Array)
#6 C:\xampp\htdocs\yii\framework\web\CController.php(286): CController->runAction(Object(CInlineAction))
#7 C:\xampp\htdocs\yii\framework\web\CController.php(265): CController->runActionWithFilters(Object(CInlineAction), Array)
#8 C:\xampp\htdocs\yii\framework\web\CWebApplication.php(282): CController->run('')
#9 C:\xampp\htdocs\yii\framework\web\CWebApplication.php(141): CWebApplication->runController('')
#10 C:\xampp\htdocs\yii\framework\base\CApplication.php(184): CWebApplication->processRequest()
#11 C:\xampp\htdocs\sensors\index.php(13): CApplication->run()
#12 {main}
REQUEST_URI=/sensors/
---
2015/11/19 20:03:57 [error] [exception.CHttpException.404] exception 'CHttpException' with message 'No es posible resolver la solicitud "css/init.css"' in C:\xampp\htdocs\yii\framework\web\CWebApplication.php:286
Stack trace:
#0 C:\xampp\htdocs\yii\framework\web\CWebApplication.php(141): CWebApplication->runController('css/init.css')
#1 C:\xampp\htdocs\yii\framework\base\CApplication.php(184): CWebApplication->processRequest()
#2 C:\xampp\htdocs\sensors\index.php(13): CApplication->run()
#3 {main}
REQUEST_URI=/sensors/css/init.css
HTTP_REFERER=http://localhost/sensors/
---
2015/11/19 20:04:46 [error] [exception.CHttpException.404] exception 'CHttpException' with message 'No es posible resolver la solicitud "css/init.css"' in C:\xampp\htdocs\yii\framework\web\CWebApplication.php:286
Stack trace:
#0 C:\xampp\htdocs\yii\framework\web\CWebApplication.php(141): CWebApplication->runController('css/init.css')
#1 C:\xampp\htdocs\yii\framework\base\CApplication.php(184): CWebApplication->processRequest()
#2 C:\xampp\htdocs\sensors\index.php(13): CApplication->run()
#3 {main}
REQUEST_URI=/sensors/css/init.css
HTTP_REFERER=http://localhost/sensors/
---
2015/11/19 20:05:01 [error] [exception.CHttpException.404] exception 'CHttpException' with message 'No es posible resolver la solicitud "css/init.css"' in C:\xampp\htdocs\yii\framework\web\CWebApplication.php:286
Stack trace:
#0 C:\xampp\htdocs\yii\framework\web\CWebApplication.php(141): CWebApplication->runController('css/init.css')
#1 C:\xampp\htdocs\yii\framework\base\CApplication.php(184): CWebApplication->processRequest()
#2 C:\xampp\htdocs\sensors\index.php(13): CApplication->run()
#3 {main}
REQUEST_URI=/sensors/css/init.css
HTTP_REFERER=http://localhost/sensors/
---
2015/11/19 20:05:04 [error] [exception.CHttpException.404] exception 'CHttpException' with message 'No es posible resolver la solicitud "css/init.css"' in C:\xampp\htdocs\yii\framework\web\CWebApplication.php:286
Stack trace:
#0 C:\xampp\htdocs\yii\framework\web\CWebApplication.php(141): CWebApplication->runController('css/init.css')
#1 C:\xampp\htdocs\yii\framework\base\CApplication.php(184): CWebApplication->processRequest()
#2 C:\xampp\htdocs\sensors\index.php(13): CApplication->run()
#3 {main}
REQUEST_URI=/sensors/css/init.css
HTTP_REFERER=http://localhost/sensors/
---
2015/11/19 20:05:10 [error] [exception.CHttpException.404] exception 'CHttpException' with message 'No es posible resolver la solicitud "css/init.css"' in C:\xampp\htdocs\yii\framework\web\CWebApplication.php:286
Stack trace:
#0 C:\xampp\htdocs\yii\framework\web\CWebApplication.php(141): CWebApplication->runController('css/init.css')
#1 C:\xampp\htdocs\yii\framework\base\CApplication.php(184): CWebApplication->processRequest()
#2 C:\xampp\htdocs\sensors\index.php(13): CApplication->run()
#3 {main}
REQUEST_URI=/sensors/css/init.css
HTTP_REFERER=http://localhost/sensors/
---
2015/11/19 20:05:46 [error] [exception.CHttpException.404] exception 'CHttpException' with message 'No es posible resolver la solicitud "css/init.css"' in C:\xampp\htdocs\yii\framework\web\CWebApplication.php:286
Stack trace:
#0 C:\xampp\htdocs\yii\framework\web\CWebApplication.php(141): CWebApplication->runController('css/init.css')
#1 C:\xampp\htdocs\yii\framework\base\CApplication.php(184): CWebApplication->processRequest()
#2 C:\xampp\htdocs\sensors\index.php(13): CApplication->run()
#3 {main}
REQUEST_URI=/sensors/css/init.css
HTTP_REFERER=http://localhost/sensors/
---
2015/11/19 20:06:04 [error] [exception.CHttpException.404] exception 'CHttpException' with message 'No es posible resolver la solicitud "css/init.css"' in C:\xampp\htdocs\yii\framework\web\CWebApplication.php:286
Stack trace:
#0 C:\xampp\htdocs\yii\framework\web\CWebApplication.php(141): CWebApplication->runController('css/init.css')
#1 C:\xampp\htdocs\yii\framework\base\CApplication.php(184): CWebApplication->processRequest()
#2 C:\xampp\htdocs\sensors\index.php(13): CApplication->run()
#3 {main}
REQUEST_URI=/sensors/css/init.css
HTTP_REFERER=http://localhost/sensors/
---
2015/11/19 20:06:37 [error] [exception.CHttpException.404] exception 'CHttpException' with message 'No es posible resolver la solicitud "css/init.css"' in C:\xampp\htdocs\yii\framework\web\CWebApplication.php:286
Stack trace:
#0 C:\xampp\htdocs\yii\framework\web\CWebApplication.php(141): CWebApplication->runController('css/init.css')
#1 C:\xampp\htdocs\yii\framework\base\CApplication.php(184): CWebApplication->processRequest()
#2 C:\xampp\htdocs\sensors\index.php(13): CApplication->run()
#3 {main}
REQUEST_URI=/sensors/css/init.css
HTTP_REFERER=http://localhost/sensors/
---
2015/11/19 20:06:50 [error] [exception.CHttpException.404] exception 'CHttpException' with message 'No es posible resolver la solicitud "css/init.css"' in C:\xampp\htdocs\yii\framework\web\CWebApplication.php:286
Stack trace:
#0 C:\xampp\htdocs\yii\framework\web\CWebApplication.php(141): CWebApplication->runController('css/init.css')
#1 C:\xampp\htdocs\yii\framework\base\CApplication.php(184): CWebApplication->processRequest()
#2 C:\xampp\htdocs\sensors\index.php(13): CApplication->run()
#3 {main}
REQUEST_URI=/sensors/css/init.css
HTTP_REFERER=http://localhost/sensors/
---
2015/11/19 20:07:13 [error] [exception.CHttpException.404] exception 'CHttpException' with message 'No es posible resolver la solicitud "css/init.css"' in C:\xampp\htdocs\yii\framework\web\CWebApplication.php:286
Stack trace:
#0 C:\xampp\htdocs\yii\framework\web\CWebApplication.php(141): CWebApplication->runController('css/init.css')
#1 C:\xampp\htdocs\yii\framework\base\CApplication.php(184): CWebApplication->processRequest()
#2 C:\xampp\htdocs\sensors\index.php(13): CApplication->run()
#3 {main}
REQUEST_URI=/sensors/css/init.css
HTTP_REFERER=http://localhost/sensors/
---
2015/11/19 20:07:31 [error] [exception.CHttpException.404] exception 'CHttpException' with message 'No es posible resolver la solicitud "css/init.css"' in C:\xampp\htdocs\yii\framework\web\CWebApplication.php:286
Stack trace:
#0 C:\xampp\htdocs\yii\framework\web\CWebApplication.php(141): CWebApplication->runController('css/init.css')
#1 C:\xampp\htdocs\yii\framework\base\CApplication.php(184): CWebApplication->processRequest()
#2 C:\xampp\htdocs\sensors\index.php(13): CApplication->run()
#3 {main}
REQUEST_URI=/sensors/css/init.css
HTTP_REFERER=http://localhost/sensors/
---
2015/11/19 22:18:50 [error] [exception.CHttpException.404] exception 'CHttpException' with message 'No es posible resolver la solicitud "css/init.css"' in C:\xampp\htdocs\yii\framework\web\CWebApplication.php:286
Stack trace:
#0 C:\xampp\htdocs\yii\framework\web\CWebApplication.php(141): CWebApplication->runController('css/init.css')
#1 C:\xampp\htdocs\yii\framework\base\CApplication.php(184): CWebApplication->processRequest()
#2 C:\xampp\htdocs\sensors\index.php(13): CApplication->run()
#3 {main}
REQUEST_URI=/sensors/css/init.css
HTTP_REFERER=http://localhost/sensors/
---
2015/11/19 22:30:47 [error] [exception.CHttpException.404] exception 'CHttpException' with message 'No es posible resolver la solicitud "css/init.css"' in C:\xampp\htdocs\yii\framework\web\CWebApplication.php:286
Stack trace:
#0 C:\xampp\htdocs\yii\framework\web\CWebApplication.php(141): CWebApplication->runController('css/init.css')
#1 C:\xampp\htdocs\yii\framework\base\CApplication.php(184): CWebApplication->processRequest()
#2 C:\xampp\htdocs\sensors\index.php(13): CApplication->run()
#3 {main}
REQUEST_URI=/sensors/css/init.css
HTTP_REFERER=http://localhost/sensors/
---
2015/11/19 22:32:54 [error] [exception.CHttpException.404] exception 'CHttpException' with message 'No es posible resolver la solicitud "css/init.css"' in C:\xampp\htdocs\yii\framework\web\CWebApplication.php:286
Stack trace:
#0 C:\xampp\htdocs\yii\framework\web\CWebApplication.php(141): CWebApplication->runController('css/init.css')
#1 C:\xampp\htdocs\yii\framework\base\CApplication.php(184): CWebApplication->processRequest()
#2 C:\xampp\htdocs\sensors\index.php(13): CApplication->run()
#3 {main}
REQUEST_URI=/sensors/css/init.css
HTTP_REFERER=http://localhost/sensors/
---
2015/11/19 22:41:30 [error] [php] Array to string conversion (C:\xampp\htdocs\yii\framework\web\helpers\CHtml.php:2378)
Stack trace:
#0 C:\xampp\htdocs\yii\framework\web\widgets\CActiveForm.php(600): activeLabelEx()
#1 C:\xampp\htdocs\sensors\protected\views\site\index.php(18): CActiveForm->labelEx()
#2 C:\xampp\htdocs\yii\framework\web\CBaseController.php(126): require()
#3 C:\xampp\htdocs\yii\framework\web\CBaseController.php(95): SiteController->renderInternal()
#4 C:\xampp\htdocs\yii\framework\web\CController.php(869): SiteController->renderFile()
#5 C:\xampp\htdocs\yii\framework\web\CController.php(782): SiteController->renderPartial()
#6 C:\xampp\htdocs\sensors\protected\controllers\SiteController.php(44): SiteController->render()
#7 C:\xampp\htdocs\yii\framework\web\actions\CInlineAction.php(49): SiteController->actionIndex()
#8 C:\xampp\htdocs\yii\framework\web\CController.php(308): CInlineAction->runWithParams()
#9 C:\xampp\htdocs\yii\framework\web\CController.php(286): SiteController->runAction()
#10 C:\xampp\htdocs\yii\framework\web\CController.php(265): SiteController->runActionWithFilters()
#11 C:\xampp\htdocs\yii\framework\web\CWebApplication.php(282): SiteController->run()
#12 C:\xampp\htdocs\yii\framework\web\CWebApplication.php(141): CWebApplication->runController()
#13 C:\xampp\htdocs\yii\framework\base\CApplication.php(184): CWebApplication->processRequest()
#14 C:\xampp\htdocs\sensors\index.php(13): CWebApplication->run()
REQUEST_URI=/sensors/
in C:\xampp\htdocs\sensors\protected\views\site\index.php (18)
in C:\xampp\htdocs\sensors\protected\controllers\SiteController.php (44)
in C:\xampp\htdocs\sensors\index.php (13)
2015/11/19 22:41:30 [error] [exception.CHttpException.404] exception 'CHttpException' with message 'No es posible resolver la solicitud "css/init.css"' in C:\xampp\htdocs\yii\framework\web\CWebApplication.php:286
Stack trace:
#0 C:\xampp\htdocs\yii\framework\web\CWebApplication.php(141): CWebApplication->runController('css/init.css')
#1 C:\xampp\htdocs\yii\framework\base\CApplication.php(184): CWebApplication->processRequest()
#2 C:\xampp\htdocs\sensors\index.php(13): CApplication->run()
#3 {main}
REQUEST_URI=/sensors/css/init.css
HTTP_REFERER=http://localhost/sensors/
---
